<?xml version="1.0" encoding="UTF-8"?>
<!-- Generated by org.testng.reporters.JUnitXMLReporter -->
<testsuite ignored="0" hostname="TYSS-Shivakumar-H-R" failures="0" tests="3" name="Test-1" time="39.406" errors="0" timestamp="2024-05-10T18:19:19 IST">
  <testcase classname="com.comcast.crm.contacttest.CreateContactTest" name="createContactTest" time="6.898"/>
  <testcase classname="com.comcast.crm.contacttest.CreateContactTest" name="createContactWithDataFormatTest" time="7.159"/>
  <testcase classname="com.comcast.crm.contacttest.CreateContactTest" name="createContactWithOrg" time="13.848"/>
</testsuite> <!-- Test-1 -->
