<?xml version="1.0" encoding="UTF-8"?>
<!-- Generated by org.testng.reporters.JUnitReportReporter -->
<testsuite hostname="TYSS-Shivakumar-H-R" failures="0" tests="1" name="com.comcast.crm.orgtest.CreateOrganizationWithIndustriesTest" time="9.743" errors="0" timestamp="2024-05-10T15:13:12 IST" skipped="0">
  <testcase classname="com.comcast.crm.orgtest.CreateOrganizationWithIndustriesTest" name="createOrganizationWithIndustriesTest" time="9.743"/>
  <system-out/>
</testsuite> <!-- com.comcast.crm.orgtest.CreateOrganizationWithIndustriesTest -->
