<?xml version="1.0" encoding="UTF-8"?>
<!-- Generated by org.testng.reporters.JUnitReportReporter -->
<testsuite hostname="TYSS-Shivakumar-H-R" failures="0" tests="1" name="com.comcast.crm.contacttest.CreateContactWithDateFormatTest" time="9.572" errors="0" timestamp="2024-05-10T13:06:52 IST" skipped="0">
  <testcase classname="com.comcast.crm.contacttest.CreateContactWithDateFormatTest" name="createContactWithDataFormatTest" time="9.572"/>
  <system-out/>
</testsuite> <!-- com.comcast.crm.contacttest.CreateContactWithDateFormatTest -->
