<?xml version="1.0" encoding="UTF-8"?>
<!-- Generated by org.testng.reporters.JUnitReportReporter -->
<testsuite hostname="TYSS-Shivakumar-H-R" failures="0" tests="3" name="com.comcast.crm.contacttest.CreateContactTest" time="75.374" errors="0" timestamp="2024-05-16T17:06:15 IST" skipped="0">
  <testcase classname="com.comcast.crm.contacttest.CreateContactTest" name="createContactTest" time="20.871"/>
  <system-out/>
  <testcase classname="com.comcast.crm.contacttest.CreateContactTest" name="createContactWithDataFormatTest" time="20.144"/>
  <system-out/>
  <testcase classname="com.comcast.crm.contacttest.CreateContactTest" name="createContactWithOrg" time="34.359"/>
  <system-out/>
</testsuite> <!-- com.comcast.crm.contacttest.CreateContactTest -->
