<?xml version="1.0" encoding="UTF-8"?>
<!-- Generated by org.testng.reporters.JUnitReportReporter -->
<testsuite hostname="TYSS-Shivakumar-H-R" failures="0" tests="3" name="com.comcast.crm.orgtest.CreateOrganizationTest" time="34.295" errors="0" timestamp="2024-05-15T13:37:32 IST" skipped="0">
  <testcase classname="com.comcast.crm.orgtest.CreateOrganizationTest" name="createOrganizationTest" time="11.685"/>
  <system-out/>
  <testcase classname="com.comcast.crm.orgtest.CreateOrganizationTest" name="createOrganizationWithIndustriesTest" time="11.309"/>
  <system-out/>
  <testcase classname="com.comcast.crm.orgtest.CreateOrganizationTest" name="createOrganizationWithPhoneNumTest" time="11.301"/>
  <system-out/>
</testsuite> <!-- com.comcast.crm.orgtest.CreateOrganizationTest -->
