<?xml version="1.0" encoding="UTF-8"?>
<!-- Generated by org.testng.reporters.JUnitReportReporter -->
<testsuite hostname="TYSS-Shivakumar-H-R" failures="0" tests="1" name="com.comcast.crm.contacttest.DummyClass" time="18.637" errors="0" timestamp="2024-05-10T14:56:12 IST" skipped="0">
  <testcase classname="com.comcast.crm.contacttest.DummyClass" name="createContactWithOrg" time="18.637"/>
  <system-out/>
</testsuite> <!-- com.comcast.crm.contacttest.DummyClass -->
