<?xml version="1.0" encoding="UTF-8"?>
<!-- Generated by org.testng.reporters.JUnitReportReporter -->
<testsuite hostname="TYSS-Shivakumar-H-R" failures="0" tests="1" name="com.comcast.crm.orgtest.DeleteOrgTest" time="17.316" errors="0" timestamp="2024-05-10T16:31:34 IST" skipped="0">
  <testcase classname="com.comcast.crm.orgtest.DeleteOrgTest" name="deleteOrgTest" time="17.316"/>
  <system-out/>
</testsuite> <!-- com.comcast.crm.orgtest.DeleteOrgTest -->
